0 info it worked if it ends with ok
1 verbose cli [ '/Users/qingtian/.nvm/versions/node/v6.9.2/bin/node',
1 verbose cli   '/Users/qingtian/.nvm/versions/node/v6.9.2/bin/npm',
1 verbose cli   'run',
1 verbose cli   'dev' ]
2 info using npm@3.10.9
3 info using node@v6.9.2
4 verbose run-script [ 'predev', 'dev', 'postdev' ]
5 info lifecycle wepywechat@0.0.1~predev: wepywechat@0.0.1
6 silly lifecycle wepywechat@0.0.1~predev: no script for predev, continuing
7 info lifecycle wepywechat@0.0.1~dev: wepywechat@0.0.1
8 verbose lifecycle wepywechat@0.0.1~dev: unsafe-perm in lifecycle true
9 verbose lifecycle wepywechat@0.0.1~dev: PATH: /Users/qingtian/.nvm/versions/node/v6.9.2/lib/node_modules/npm/bin/node-gyp-bin:/Users/qingtian/selfProject/wepyWechat/node_modules/.bin:/Users/qingtian/.nvm/versions/node/v6.9.2/bin:/usr/local/bin:/usr/bin:/bin:/usr/sbin:/sbin:/Applications/Wireshark.app/Contents/MacOS:/Users/qingtian/dev/apache-maven-3.2.2/bin:/Users/qingtian/bin
10 verbose lifecycle wepywechat@0.0.1~dev: CWD: /Users/qingtian/selfProject/wepyWechat
11 silly lifecycle wepywechat@0.0.1~dev: Args: [ '-c', 'wepy build --watch' ]
12 silly lifecycle wepywechat@0.0.1~dev: Returned: code: 1  signal: null
13 info lifecycle wepywechat@0.0.1~dev: Failed to exec dev script
14 verbose stack Error: wepywechat@0.0.1 dev: `wepy build --watch`
14 verbose stack Exit status 1
14 verbose stack     at EventEmitter.<anonymous> (/Users/qingtian/.nvm/versions/node/v6.9.2/lib/node_modules/npm/lib/utils/lifecycle.js:255:16)
14 verbose stack     at emitTwo (events.js:106:13)
14 verbose stack     at EventEmitter.emit (events.js:191:7)
14 verbose stack     at ChildProcess.<anonymous> (/Users/qingtian/.nvm/versions/node/v6.9.2/lib/node_modules/npm/lib/utils/spawn.js:40:14)
14 verbose stack     at emitTwo (events.js:106:13)
14 verbose stack     at ChildProcess.emit (events.js:191:7)
14 verbose stack     at maybeClose (internal/child_process.js:877:16)
14 verbose stack     at Process.ChildProcess._handle.onexit (internal/child_process.js:226:5)
15 verbose pkgid wepywechat@0.0.1
16 verbose cwd /Users/qingtian/selfProject/wepyWechat
17 error Darwin 15.6.0
18 error argv "/Users/qingtian/.nvm/versions/node/v6.9.2/bin/node" "/Users/qingtian/.nvm/versions/node/v6.9.2/bin/npm" "run" "dev"
19 error node v6.9.2
20 error npm  v3.10.9
21 error code ELIFECYCLE
22 error wepywechat@0.0.1 dev: `wepy build --watch`
22 error Exit status 1
23 error Failed at the wepywechat@0.0.1 dev script 'wepy build --watch'.
23 error Make sure you have the latest version of node.js and npm installed.
23 error If you do, this is most likely a problem with the wepywechat package,
23 error not with npm itself.
23 error Tell the author that this fails on your system:
23 error     wepy build --watch
23 error You can get information on how to open an issue for this project with:
23 error     npm bugs wepywechat
23 error Or if that isn't available, you can get their info via:
23 error     npm owner ls wepywechat
23 error There is likely additional logging output above.
24 verbose exit [ 1, true ]
